This is pdfTeX, Version 3.141592653-2.6-1.40.28 (MiKTeX 25.12) (preloaded format=pdflatex 2026.6.8)  10 JUN 2026 01:25
entering extended mode
 restricted \write18 enabled.
 %&-line parsing enabled.
**./DoAn.tex
(DoAn.tex
LaTeX2e <2025-11-01>
L3 programming layer <2025-12-24>
(D:\MIKTex\tex/latex/base\report.cls
Document Class: report 2025/01/22 v1.4n Standard LaTeX document class
(D:\MIKTex\tex/latex/base\size10.clo
File: size10.clo 2025/01/22 v1.4n Standard LaTeX file (size option)
)
\c@part=\count275
\c@chapter=\count276
\c@section=\count277
\c@subsection=\count278
\c@subsubsection=\count279
\c@paragraph=\count280
\c@subparagraph=\count281
\c@figure=\count282
\c@table=\count283
\abovecaptionskip=\skip49
\belowcaptionskip=\skip50
\bibindent=\dimen148
)
(D:\MIKTex\tex/latex/koma-script\scrextend.sty
Package: scrextend 2026/02/02 v3.49.2 KOMA-Script package (extend other classes
 with features of KOMA-Script classes)

(D:\MIKTex\tex/latex/koma-script\scrkbase.sty
Package: scrkbase 2026/02/02 v3.49.2 KOMA-Script package (KOMA-Script-dependent
 basics and keyval usage)

(D:\MIKTex\tex/latex/koma-script\scrbase.sty
Package: scrbase 2026/02/02 v3.49.2 KOMA-Script package (KOMA-Script-independen
t basics and keyval usage)

(D:\MIKTex\tex/latex/koma-script\scrlfile.sty
Package: scrlfile 2026/02/02 v3.49.2 KOMA-Script package (file load hooks)

(D:\MIKTex\tex/latex/koma-script\scrlfile-hook.sty
Package: scrlfile-hook 2026/02/02 v3.49.2 KOMA-Script package (using LaTeX hook
s)

(D:\MIKTex\tex/latex/koma-script\scrlogo.sty
Package: scrlogo 2026/02/02 v3.49.2 KOMA-Script package (logo)
)))
(D:\MIKTex\tex/latex/graphics\keyval.sty
Package: keyval 2022/05/29 v1.15 key=value parser (DPC)
\KV@toks@=\toks17
)
Applying: [2021/05/01] Usage of raw or classic option list on input line 254.
Already applied: [0000/00/00] Usage of raw or classic option list on input line
 370.
)))

LaTeX Font Warning: Font shape `OT1/cmr/m/n' in size <13> not available
(Font)              size <12> substituted on input line 3.

(D:\MIKTex\tex/latex/vntex\vietnam.sty
Package: vietnam 2009/07/12 v1.3 support for Vietnamese
 (D:\MIKTex\tex/latex/base\ifthen.sty
Package: ifthen 2024/03/16 v1.1e Standard LaTeX ifthen package (DPC)
)
(D:\MIKTex\tex/latex/base\fontenc.sty
Package: fontenc 2025/07/18 v2.1d Standard LaTeX package
 (D:\MIKTex\tex/latex/vntex\t5enc.def
File: t5enc.def 2006/11/21 v1.4 Vietnamese T5 encoding
Now handling font encoding T5 ...
... processing UTF-8 mapping file for font encoding T5

(D:\MIKTex\tex/latex/vntex\t5enc.dfu
File: t5enc.dfu 2006/08/19 v1.1 UTF8 support for Vietnamese
   defining Unicode char U+00AB (decimal 171)
   defining Unicode char U+00BB (decimal 187)
   defining Unicode char U+00C0 (decimal 192)
   defining Unicode char U+00C1 (decimal 193)
   defining Unicode char U+00C2 (decimal 194)
   defining Unicode char U+00C3 (decimal 195)
   defining Unicode char U+00C8 (decimal 200)
   defining Unicode char U+00C9 (decimal 201)
   defining Unicode char U+00CA (decimal 202)
   defining Unicode char U+00CC (decimal 204)
   defining Unicode char U+00CD (decimal 205)
   defining Unicode char U+00D2 (decimal 210)
   defining Unicode char U+00D3 (decimal 211)
   defining Unicode char U+00D4 (decimal 212)
   defining Unicode char U+00D5 (decimal 213)
   defining Unicode char U+00D9 (decimal 217)
   defining Unicode char U+00DA (decimal 218)
   defining Unicode char U+00DD (decimal 221)
   defining Unicode char U+00E0 (decimal 224)
   defining Unicode char U+00E1 (decimal 225)
   defining Unicode char U+00E2 (decimal 226)
   defining Unicode char U+00E3 (decimal 227)
   defining Unicode char U+00E8 (decimal 232)
   defining Unicode char U+00E9 (decimal 233)
   defining Unicode char U+00EA (decimal 234)
   defining Unicode char U+00EC (decimal 236)
   defining Unicode char U+00ED (decimal 237)
   defining Unicode char U+00F2 (decimal 242)
   defining Unicode char U+00F3 (decimal 243)
   defining Unicode char U+00F4 (decimal 244)
   defining Unicode char U+00F5 (decimal 245)
   defining Unicode char U+00F9 (decimal 249)
   defining Unicode char U+00FA (decimal 250)
   defining Unicode char U+00FD (decimal 253)
   defining Unicode char U+0102 (decimal 258)
   defining Unicode char U+0103 (decimal 259)
   defining Unicode char U+0110 (decimal 272)
   defining Unicode char U+0111 (decimal 273)
   defining Unicode char U+0128 (decimal 296)
   defining Unicode char U+0129 (decimal 297)
   defining Unicode char U+0131 (decimal 305)
   defining Unicode char U+0168 (decimal 360)
   defining Unicode char U+0169 (decimal 361)
   defining Unicode char U+01A0 (decimal 416)
   defining Unicode char U+01A1 (decimal 417)
   defining Unicode char U+01AF (decimal 431)
   defining Unicode char U+01B0 (decimal 432)
   defining Unicode char U+1EA0 (decimal 7840)
   defining Unicode char U+1EA1 (decimal 7841)
   defining Unicode char U+1EA2 (decimal 7842)
   defining Unicode char U+1EA3 (decimal 7843)
   defining Unicode char U+1EA4 (decimal 7844)
   defining Unicode char U+1EA5 (decimal 7845)
   defining Unicode char U+1EA6 (decimal 7846)
   defining Unicode char U+1EA7 (decimal 7847)
   defining Unicode char U+1EA8 (decimal 7848)
   defining Unicode char U+1EA9 (decimal 7849)
   defining Unicode char U+1EAA (decimal 7850)
   defining Unicode char U+1EAB (decimal 7851)
   defining Unicode char U+1EAC (decimal 7852)
   defining Unicode char U+1EAD (decimal 7853)
   defining Unicode char U+1EAE (decimal 7854)
   defining Unicode char U+1EAF (decimal 7855)
   defining Unicode char U+1EB0 (decimal 7856)
   defining Unicode char U+1EB1 (decimal 7857)
   defining Unicode char U+1EB2 (decimal 7858)
   defining Unicode char U+1EB3 (decimal 7859)
   defining Unicode char U+1EB4 (decimal 7860)
   defining Unicode char U+1EB5 (decimal 7861)
   defining Unicode char U+1EB6 (decimal 7862)
   defining Unicode char U+1EB7 (decimal 7863)
   defining Unicode char U+1EB8 (decimal 7864)
   defining Unicode char U+1EB9 (decimal 7865)
   defining Unicode char U+1EBA (decimal 7866)
   defining Unicode char U+1EBB (decimal 7867)
   defining Unicode char U+1EBC (decimal 7868)
   defining Unicode char U+1EBD (decimal 7869)
   defining Unicode char U+1EBE (decimal 7870)
   defining Unicode char U+1EBF (decimal 7871)
   defining Unicode char U+1EC0 (decimal 7872)
   defining Unicode char U+1EC1 (decimal 7873)
   defining Unicode char U+1EC2 (decimal 7874)
   defining Unicode char U+1EC3 (decimal 7875)
   defining Unicode char U+1EC4 (decimal 7876)
   defining Unicode char U+1EC5 (decimal 7877)
   defining Unicode char U+1EC6 (decimal 7878)
   defining Unicode char U+1EC7 (decimal 7879)
   defining Unicode char U+1EC8 (decimal 7880)
   defining Unicode char U+1EC9 (decimal 7881)
   defining Unicode char U+1ECA (decimal 7882)
   defining Unicode char U+1ECB (decimal 7883)
   defining Unicode char U+1ECC (decimal 7884)
   defining Unicode char U+1ECD (decimal 7885)
   defining Unicode char U+1ECE (decimal 7886)
   defining Unicode char U+1ECF (decimal 7887)
   defining Unicode char U+1ED0 (decimal 7888)
   defining Unicode char U+1ED1 (decimal 7889)
   defining Unicode char U+1ED2 (decimal 7890)
   defining Unicode char U+1ED3 (decimal 7891)
   defining Unicode char U+1ED4 (decimal 7892)
   defining Unicode char U+1ED5 (decimal 7893)
   defining Unicode char U+1ED6 (decimal 7894)
   defining Unicode char U+1ED7 (decimal 7895)
   defining Unicode char U+1ED8 (decimal 7896)
   defining Unicode char U+1ED9 (decimal 7897)
   defining Unicode char U+1EDA (decimal 7898)
   defining Unicode char U+1EDB (decimal 7899)
   defining Unicode char U+1EDC (decimal 7900)
   defining Unicode char U+1EDD (decimal 7901)
   defining Unicode char U+1EDE (decimal 7902)
   defining Unicode char U+1EDF (decimal 7903)
   defining Unicode char U+1EE0 (decimal 7904)
   defining Unicode char U+1EE1 (decimal 7905)
   defining Unicode char U+1EE2 (decimal 7906)
   defining Unicode char U+1EE3 (decimal 7907)
   defining Unicode char U+1EE4 (decimal 7908)
   defining Unicode char U+1EE5 (decimal 7909)
   defining Unicode char U+1EE6 (decimal 7910)
   defining Unicode char U+1EE7 (decimal 7911)
   defining Unicode char U+1EE8 (decimal 7912)
   defining Unicode char U+1EE9 (decimal 7913)
   defining Unicode char U+1EEA (decimal 7914)
   defining Unicode char U+1EEB (decimal 7915)
   defining Unicode char U+1EEC (decimal 7916)
   defining Unicode char U+1EED (decimal 7917)
   defining Unicode char U+1EEE (decimal 7918)
   defining Unicode char U+1EEF (decimal 7919)
   defining Unicode char U+1EF0 (decimal 7920)
   defining Unicode char U+1EF1 (decimal 7921)
   defining Unicode char U+1EF2 (decimal 7922)
   defining Unicode char U+1EF3 (decimal 7923)
   defining Unicode char U+1EF4 (decimal 7924)
   defining Unicode char U+1EF5 (decimal 7925)
   defining Unicode char U+1EF6 (decimal 7926)
   defining Unicode char U+1EF7 (decimal 7927)
   defining Unicode char U+1EF8 (decimal 7928)
   defining Unicode char U+1EF9 (decimal 7929)
   defining Unicode char U+200C (decimal 8204)
   defining Unicode char U+2013 (decimal 8211)
   defining Unicode char U+2014 (decimal 8212)
   defining Unicode char U+2018 (decimal 8216)
   defining Unicode char U+2019 (decimal 8217)
   defining Unicode char U+201A (decimal 8218)
   defining Unicode char U+201C (decimal 8220)
   defining Unicode char U+201D (decimal 8221)
   defining Unicode char U+201E (decimal 8222)
   defining Unicode char U+2030 (decimal 8240)
   defining Unicode char U+2031 (decimal 8241)
   defining Unicode char U+2039 (decimal 8249)
   defining Unicode char U+203A (decimal 8250)
   defining Unicode char U+2423 (decimal 9251)
))
LaTeX Font Info:    Trying to load font information for T5+cmr on input line 11
6.
 (D:\MIKTex\tex/latex/vntex\t5cmr.fd
File: t5cmr.fd 1999/05/25 v2.5h Standard LaTeX font definitions
))
(D:\MIKTex\tex/latex/base\inputenc.sty
Package: inputenc 2024/02/08 v1.3d Input encoding file
\inpenc@prehook=\toks18
\inpenc@posthook=\toks19
) (D:\MIKTex\tex/latex/vntex\vncaps.tex
File: vncaps.tex 2006/06/07 v1.1 Captions in Vietnamese
)) (D:\MIKTex\tex/latex/geometry\geometry.sty
Package: geometry 2026/03/07 v6.0 Page Geometry

(D:\MIKTex\tex/generic/iftex\ifvtex.sty
Package: ifvtex 2019/10/25 v1.7 ifvtex legacy package. Use iftex instead.
 (D:\MIKTex\tex/generic/iftex\iftex.sty
Package: iftex 2024/12/12 v1.0g TeX engine tests
))
\Gm@cnth=\count284
\Gm@cntv=\count285
\c@Gm@tempcnt=\count286
\Gm@bindingoffset=\dimen149
\Gm@wd@mp=\dimen150
\Gm@odd@mp=\dimen151
\Gm@even@mp=\dimen152
\Gm@layoutwidth=\dimen153
\Gm@layoutheight=\dimen154
\Gm@layouthoffset=\dimen155
\Gm@layoutvoffset=\dimen156
\Gm@dimlist=\toks20
 (D:\MIKTex\tex/latex/geometry\geometry.cfg))
(D:\MIKTex\tex/latex/graphics\graphicx.sty
Package: graphicx 2024/12/31 v1.2e Enhanced LaTeX Graphics (DPC,SPQR)

(D:\MIKTex\tex/latex/graphics\graphics.sty
Package: graphics 2024/08/06 v1.4g Standard LaTeX Graphics (DPC,SPQR)

(D:\MIKTex\tex/latex/graphics\trig.sty
Package: trig 2023/12/02 v1.11 sin cos tan (DPC)
)
(D:\MIKTex\tex/latex/graphics-cfg\graphics.cfg
File: graphics.cfg 2016/06/04 v1.11 sample graphics configuration
)
Package graphics Info: Driver file: pdftex.def on input line 106.

(D:\MIKTex\tex/latex/graphics-def\pdftex.def
File: pdftex.def 2025/09/29 v1.2d Graphics/color driver for pdftex
))
\Gin@req@height=\dimen157
\Gin@req@width=\dimen158
)
(D:\MIKTex\tex/latex/fancybox\fancybox.sty
Package: fancybox 2010/05/15 1.4

Style option: `fancybox' v1.4 <2010/05/15> (tvz)
\@fancybox=\box53
\shadowsize=\dimen159
\@Sbox=\box54
\do@VerbBox=\toks21
\the@fancyput=\toks22
\this@fancyput=\toks23
\EndVerbatimTokens=\toks24
\Verbatim@Outfile=\write3
\Verbatim@Infile=\read2
) (D:\MIKTex\tex/latex/tools\indentfirst.sty
Package: indentfirst 2023/07/02 v1.03 Indent first paragraph (DPC)
)
(D:\MIKTex\tex/latex/amscls\amsthm.sty
Package: amsthm 2020/05/29 v2.20.6
\thm@style=\toks25
\thm@bodyfont=\toks26
\thm@headfont=\toks27
\thm@notefont=\toks28
\thm@headpunct=\toks29
\thm@preskip=\skip51
\thm@postskip=\skip52
\thm@headsep=\skip53
\dth@everypar=\toks30
) (D:\MIKTex\tex/latex/base\latexsym.sty
Package: latexsym 1998/08/17 v2.2e Standard LaTeX package (lasy symbols)
\symlasy=\mathgroup4
LaTeX Font Info:    Overwriting symbol font `lasy' in version `bold'
(Font)                  U/lasy/m/n --> U/lasy/b/n on input line 52.
) (D:\MIKTex\tex/latex/amsmath\amsmath.sty
Package: amsmath 2025/07/09 v2.17z AMS math features
\@mathmargin=\skip54

For additional information on amsmath, use the `?' option.
(D:\MIKTex\tex/latex/amsmath\amstext.sty
Package: amstext 2024/11/17 v2.01 AMS text

(D:\MIKTex\tex/latex/amsmath\amsgen.sty
File: amsgen.sty 1999/11/30 v2.0 generic functions
\@emptytoks=\toks31
\ex@=\dimen160
))
(D:\MIKTex\tex/latex/amsmath\amsbsy.sty
Package: amsbsy 1999/11/29 v1.2d Bold Symbols
\pmbraise@=\dimen161
)
(D:\MIKTex\tex/latex/amsmath\amsopn.sty
Package: amsopn 2022/04/08 v2.04 operator names
)
\inf@bad=\count287
LaTeX Info: Redefining \frac on input line 233.
\uproot@=\count288
\leftroot@=\count289
LaTeX Info: Redefining \overline on input line 398.
LaTeX Info: Redefining \colon on input line 409.
\classnum@=\count290
\DOTSCASE@=\count291
LaTeX Info: Redefining \ldots on input line 495.
LaTeX Info: Redefining \dots on input line 498.
LaTeX Info: Redefining \cdots on input line 619.
\Mathstrutbox@=\box55
\strutbox@=\box56
LaTeX Info: Redefining \big on input line 721.
LaTeX Info: Redefining \Big on input line 722.
LaTeX Info: Redefining \bigg on input line 723.
LaTeX Info: Redefining \Bigg on input line 724.
\big@size=\dimen162
LaTeX Font Info:    Redeclaring font encoding OML on input line 742.
LaTeX Font Info:    Redeclaring font encoding OMS on input line 743.
\macc@depth=\count292
LaTeX Info: Redefining \bmod on input line 904.
LaTeX Info: Redefining \pmod on input line 909.
LaTeX Info: Redefining \smash on input line 939.
LaTeX Info: Redefining \relbar on input line 969.
LaTeX Info: Redefining \Relbar on input line 970.
\c@MaxMatrixCols=\count293
\dotsspace@=\muskip17
\c@parentequation=\count294
\dspbrk@lvl=\count295
\tag@help=\toks32
\row@=\count296
\column@=\count297
\maxfields@=\count298
\andhelp@=\toks33
\eqnshift@=\dimen163
\alignsep@=\dimen164
\tagshift@=\dimen165
\tagwidth@=\dimen166
\totwidth@=\dimen167
\lineht@=\dimen168
\@envbody=\toks34
\multlinegap=\skip55
\multlinetaggap=\skip56
\mathdisplay@stack=\toks35
LaTeX Info: Redefining \[ on input line 2950.
LaTeX Info: Redefining \] on input line 2951.
)
(D:\MIKTex\tex/latex/amsfonts\amssymb.sty
Package: amssymb 2013/01/14 v3.01 AMS font symbols

(D:\MIKTex\tex/latex/amsfonts\amsfonts.sty
Package: amsfonts 2013/01/14 v3.01 Basic AMSFonts support
\symAMSa=\mathgroup5
\symAMSb=\mathgroup6
LaTeX Font Info:    Redeclaring math symbol \hbar on input line 98.
LaTeX Font Info:    Overwriting math alphabet `\mathfrak' in version `bold'
(Font)                  U/euf/m/n --> U/euf/b/n on input line 106.
))
(D:\MIKTex\tex/latex/tex-gyre\tgtermes.sty
Package: tgtermes 2009/09/27 v1.2 TeX Gyre Termes as default roman family

(D:\MIKTex\tex/latex/kvoptions\kvoptions.sty
Package: kvoptions 2022-06-15 v3.15 Key value format for package options (HO)

(D:\MIKTex\tex/generic/ltxcmds\ltxcmds.sty
Package: ltxcmds 2023-12-04 v1.26 LaTeX kernel commands for general use (HO)
)
(D:\MIKTex\tex/latex/kvsetkeys\kvsetkeys.sty
Package: kvsetkeys 2022-10-05 v1.19 Key value parser (HO)
)))
(D:\MIKTex\tex/latex/tools\array.sty
Package: array 2025/09/25 v2.6n Tabular extension package (FMi)
\col@sep=\dimen169
\ar@mcellbox=\box57
\extrarowheight=\dimen170
\NC@list=\toks36
\extratabsurround=\skip57
\backup@length=\skip58
\ar@cellbox=\box58
)
(D:\MIKTex\tex/latex/enumitem\enumitem.sty
Package: enumitem 2025/02/06 v3.11 Customized lists
\labelindent=\skip59
\enit@outerparindent=\dimen171
\enit@toks=\toks37
\enit@inbox=\box59
\enit@count@id=\count299
\enitdp@description=\count300
)
(D:\MIKTex\tex/latex/subfiles\subfiles.sty
Package: subfiles 2020/11/14 v2.2 Multi-file projects (package)

(D:\MIKTex\tex/latex/import\import.sty
Package: import 2020/04/01  v 6.2
))
(D:\MIKTex\tex/latex/titlesec\titlesec.sty
Package: titlesec 2025/01/04 v2.17 Sectioning titles
\ttl@box=\box60
\beforetitleunit=\skip60
\aftertitleunit=\skip61
\ttl@plus=\dimen172
\ttl@minus=\dimen173
\ttl@toksa=\toks38
\titlewidth=\dimen174
\titlewidthlast=\dimen175
\titlewidthfirst=\dimen176
)
(D:\MIKTex\tex/latex/titlesec\titletoc.sty
Package: titletoc 2025/01/04 v2.17 TOC entries
\ttl@leftsep=\dimen177
)
(D:\MIKTex\tex/latex/chngcntr\chngcntr.sty
Package: chngcntr 2018/04/09 v1.1a change counter resetting
Package chngcntr Info: \counterwithout already defined.
(chngcntr)             Quitting chngcntr on input line 21.
)
(D:\MIKTex\tex/latex/pdflscape\pdflscape.sty
Package: pdflscape 2022-10-27 v0.13 Display of landscape pages in PDF

(D:\MIKTex\tex/latex/pdflscape\pdflscape-nometadata.sty
Package: pdflscape-nometadata 2022-10-28 v0.13 Display of landscape pages in PD
F (HO)

(D:\MIKTex\tex/latex/graphics\lscape.sty
Package: lscape 2020/05/28 v3.02 Landscape Pages (DPC)
)
Package pdflscape Info: Auto-detected driver: pdftex on input line 81.
))
(D:\MIKTex\tex/latex/tools\afterpage.sty
Package: afterpage 2023/07/04 v1.08 After-Page Package (DPC)
\AP@output=\toks39
\AP@partial=\box61
\AP@footins=\box62
)
(D:\MIKTex\tex/latex/algorithm2e\algorithm2e.sty
Package: algorithm2e 2017/07/18 v5.2 algorithms environments
\c@AlgoLine=\count301
\algocf@hangindent=\skip62

(D:\MIKTex\tex/latex/ifoddpage\ifoddpage.sty
Package: ifoddpage 2022/10/18 v1.2 Conditionals for odd/even page detection
\c@checkoddpage=\count302
)
(D:\MIKTex\tex/latex/tools\xspace.sty
Package: xspace 2014/10/28 v1.13 Space after command names (DPC,MH)
) (D:\MIKTex\tex/latex/relsize\relsize.sty
Package: relsize 2013/03/29 ver 4.1
)
\skiptotal=\skip63
\skiplinenumber=\skip64
\skiprule=\skip65
\skiphlne=\skip66
\skiptext=\skip67
\skiplength=\skip68
\algomargin=\skip69
\skipalgocfslide=\skip70
\algowidth=\dimen178
\inoutsize=\dimen179
\inoutindent=\dimen180
\interspacetitleruled=\dimen181
\interspacealgoruled=\dimen182
\interspacetitleboxruled=\dimen183
\algocf@ruledwidth=\skip71
\algocf@inoutbox=\box63
\algocf@inputbox=\box64
\AlCapSkip=\skip72
\AlCapHSkip=\skip73
\algoskipindent=\skip74
\algocf@nlbox=\box65
\algocf@hangingbox=\box66
\algocf@untilbox=\box67
\algocf@skipuntil=\skip75
\algocf@capbox=\box68
\algocf@lcaptionbox=\skip76
\algoheightruledefault=\skip77
\algoheightrule=\skip78
\algotitleheightruledefault=\skip79
\algotitleheightrule=\skip80
\c@algocfline=\count303
\c@algocfproc=\count304
\c@algocf=\count305
\algocf@algoframe=\box69
\algocf@algobox=\box70
) (D:\MIKTex\tex/latex/capt-of\capt-of.sty
Package: capt-of 2009/12/29 v0.2 standard captions outside of floats
)
(D:\MIKTex\tex/latex/multirow\multirow.sty
Package: multirow 2024/11/12 v2.9 Span multiple rows of a table
\multirow@colwidth=\skip81
\multirow@cntb=\count306
\multirow@dima=\skip82
\bigstrutjot=\dimen184
)
(D:\MIKTex\tex/latex/fancyhdr\fancyhdr.sty
Package: fancyhdr 2025/02/07 v5.2 Extensive control of page headers and footers

\f@nch@headwidth=\skip83
\f@nch@offset@elh=\skip84
\f@nch@offset@erh=\skip85
\f@nch@offset@olh=\skip86
\f@nch@offset@orh=\skip87
\f@nch@offset@elf=\skip88
\f@nch@offset@erf=\skip89
\f@nch@offset@olf=\skip90
\f@nch@offset@orf=\skip91
\f@nch@height=\skip92
\f@nch@footalignment=\skip93
\f@nch@widthL=\skip94
\f@nch@widthC=\skip95
\f@nch@widthR=\skip96
\@temptokenb=\toks40
)
(D:\MIKTex\tex/latex/appendix\appendix.sty
Package: appendix 2020/02/08 v1.2c extra appendix facilities
\c@@pps=\count307
\c@@ppsavesec=\count308
\c@@ppsaveapp=\count309
)
(D:\MIKTex\tex/latex/caption\caption.sty
Package: caption 2023/08/05 v3.6o Customizing captions (AR)

(D:\MIKTex\tex/latex/caption\caption3.sty
Package: caption3 2023/07/31 v2.4d caption3 kernel (AR)
\caption@tempdima=\dimen185
\captionmargin=\dimen186
\caption@leftmargin=\dimen187
\caption@rightmargin=\dimen188
\caption@width=\dimen189
\caption@indent=\dimen190
\caption@parindent=\dimen191
\caption@hangindent=\dimen192
Package caption Info: Standard document class detected.
)
\c@caption@flags=\count310
\c@continuedfloat=\count311
Package caption Info: scrextend package is loaded.
\caption@addmargin@hsize=\dimen193
\caption@addmargin@linewidth=\dimen194
)
(D:\MIKTex\tex/latex/listings\listings.sty
\lst@mode=\count312
\lst@gtempboxa=\box71
\lst@token=\toks41
\lst@length=\count313
\lst@currlwidth=\dimen195
\lst@column=\count314
\lst@pos=\count315
\lst@lostspace=\dimen196
\lst@width=\dimen197
\lst@newlines=\count316
\lst@lineno=\count317
\lst@maxwidth=\dimen198

(D:\MIKTex\tex/latex/listings\lstpatch.sty
File: lstpatch.sty 2025/11/14 1.11b (Carsten Heinz)
)
(D:\MIKTex\tex/latex/listings\lstmisc.sty
File: lstmisc.sty 2025/11/14 1.11b (Carsten Heinz)
\c@lstnumber=\count318
\lst@skipnumbers=\count319
\lst@framebox=\box72
)
(D:\MIKTex\tex/latex/listings\listings.cfg
File: listings.cfg 2025/11/14 1.11b listings configuration
))
Package: listings 2025/11/14 1.11b (Carsten Heinz)

==> First Aid for listings.sty no longer applied!
    Expected:
        2024/09/23 1.10c (Carsten Heinz)
    but found:
        2025/11/14 1.11b (Carsten Heinz)
    so I'm assuming it got fixed.
(D:\MIKTex\tex/latex/float\float.sty
Package: float 2001/11/08 v1.3d Float enhancements (AL)
\c@float@type=\count320
\float@exts=\toks42
\float@box=\box73
\@float@everytoks=\toks43
\@floatcapt=\box74
)
(D:\MIKTex\tex/latex/caption\subcaption.sty
Package: subcaption 2023/07/28 v1.6b Sub-captions (AR)
Package caption Info: New subtype `subfigure' on input line 238.
\c@subfigure=\count321
Package caption Info: New subtype `subtable' on input line 238.
\c@subtable=\count322
) (D:\MIKTex\tex/latex/xurl\xurl.sty
Package: xurl 2022/01/09 v 0.10 modify URL breaks
(D:\MIKTex\tex/latex/url\url.sty
\Urlmuskip=\muskip18
Package: url 2013/09/16  ver 3.4  Verb mode for urls, etc.
))
(D:\MIKTex\tex/latex/glossaries/base\glossaries.sty
Package: glossaries 2026/04/21 v5.1 (NLCT)

(D:\MIKTex\tex/latex/xkeyval\xkeyval.sty
Package: xkeyval 2022/06/16 v2.9 package option processing (HA)

(D:\MIKTex\tex/generic/xkeyval\xkeyval.tex
(D:\MIKTex\tex/generic/xkeyval\xkvutils.tex
\XKV@toks=\toks44
\XKV@tempa@toks=\toks45
)
\XKV@depth=\count323
File: xkeyval.tex 2014/12/03 v2.7a key=value parser (HA)
))
(D:\MIKTex\tex/latex/mfirstuc\mfirstuc.sty
Package: mfirstuc 2025/04/03 v2.09 (NLCT)

(D:\MIKTex\tex/latex/etoolbox\etoolbox.sty
Package: etoolbox 2025/10/02 v2.5m e-TeX tools for LaTeX (JAW)
\etb@tempcnta=\count324
)
\@glsmfirst=\toks46
\@glsmrest=\toks47
) (D:\MIKTex\tex/latex/xfor\xfor.sty
Package: xfor 2009/02/05 v1.05 (NLCT)
) (D:\MIKTex\tex/latex/datatool\datatool-base.sty
Package: datatool-base 2025/12/04 v3.4.3 (NLCT)

(D:\MIKTex\tex/latex/tracklang\tracklang.sty
Package: tracklang 2026/05/24 v1.6.8 (NLCT) Track Languages

(D:\MIKTex\tex/generic/tracklang\tracklang.tex))
\l__datatool_tmpa_int=\count325
\l__datatool_tmpb_int=\count326
\l__datatool_tmpc_int=\count327
\l__datatool_tmpd_int=\count328
\l__datatool_count_int=\count329
\l__datatool_tmp_datatype_int=\count330
\l__datatool_tmpa_dim=\dimen199
\l__datatool_tmpb_dim=\dimen256

(D:\MIKTex\tex/latex/datatool\datatool-l3fp.def
File: datatool-l3fp.def 2025/12/04 v3.4.3 (NLCT)
)
\@dtl@toks=\toks48
\@dtl@tmpcount=\count331
\dtl@tmplength=\skip97
\l__datatool_measure_box=\box75
\dtl@sortresult=\count332

(D:\MIKTex\tex/latex/datatool\datatool-utf8.ldf
File: datatool-utf8.ldf 2025/12/04 v3.4.3 (NLCT)
)
\@dtl@datatype=\count333
\c_datatool_unknown_int=\count334
\l__datatool_year_int=\count335
\l__datatool_month_int=\count336
\l__datatool_day_int=\count337
\l__datatool_hour_int=\count338
\l__datatool_minute_int=\count339
\l__datatool_second_int=\count340
\l__datatool_tzhour_int=\count341
\l__datatool_tzminute_int=\count342
\l__datatool_julian_int=\count343
\l__datatool_local_julian_int=\count344
\l__datatool_prefix_int=\count345
\l__datatool_suffix_int=\count346
\@dtl@foreach@level=\count347
\dtl@codeA=\count348
\dtl@codeB=\count349
)
\gls@level=\count350
\@gls@tmpb=\toks49
\gls@tmplen=\skip98
\l__glossaries_tmpa_dim=\dimen257
\l__glossaries_tmpb_dim=\dimen258
\glskeylisttok=\toks50
\glslabeltok=\toks51
\glsshorttok=\toks52
\glslongtok=\toks53

(D:\MIKTex\tex/latex/glossaries/styles\glossary-hypernav.sty
Package: glossary-hypernav 2026/04/21 v5.1 (NLCT)
)
(D:\MIKTex\tex/latex/glossaries/styles\glossary-list.sty
Package: glossary-list 2026/04/21 v5.1 (NLCT)
\glslistdottedwidth=\skip99
)
(D:\MIKTex\tex/latex/glossaries/styles\glossary-long.sty
Package: glossary-long 2026/04/21 v5.1 (NLCT)

(D:\MIKTex\tex/latex/tools\longtable.sty
Package: longtable 2025-10-13 v4.24 Multi-page Table package (DPC)
\LTleft=\skip100
\LTright=\skip101
\LTpre=\skip102
\LTpost=\skip103
\LTchunksize=\count351
\LTcapwidth=\dimen259
\LT@head=\box76
\LT@firsthead=\box77
\LT@foot=\box78
\LT@lastfoot=\box79
\LT@gbox=\box80
\LT@cols=\count352
\LT@rows=\count353
\c@LT@tables=\count354
\c@LT@chunks=\count355
\LT@p@ftn=\toks54
)
\glsdescwidth=\skip104
\glspagelistwidth=\skip105
)
(D:\MIKTex\tex/latex/glossaries/styles\glossary-super.sty
Package: glossary-super 2026/04/21 v5.1 (NLCT)

(D:\MIKTex\tex/latex/supertabular\supertabular.sty
Package: supertabular 2025/06/26 v4.2d the supertabular environment
\c@tracingst=\count356
\ST@wd=\dimen260
\ST@rightskip=\skip106
\ST@leftskip=\skip107
\ST@parfillskip=\skip108
\ST@pageleft=\dimen261
\ST@headht=\dimen262
\ST@tailht=\dimen263
\ST@pagesofar=\dimen264
\ST@pboxht=\dimen265
\ST@rowht=\dimen266
\ST@prevht=\dimen267
\ST@toadd=\dimen268
\ST@dimen=\dimen269
\ST@pbox=\box81
))
(D:\MIKTex\tex/latex/glossaries/styles\glossary-tree.sty
Package: glossary-tree 2026/04/21 v5.1 (NLCT)
\l__glossaries_tree_max_known_level_int=\count357
\l__glossaries_tree_offset_dim=\dimen270
\l__glossaries_tree_namewidth_dim=\dimen271
\l__glossaries_tree_symbolwidth_dim=\dimen272
\l__glossaries_tree_prenamesym_width_dim=\dimen273
\l__glossaries_tree_presubnamesym_width_dim=\dimen274
\l__glossaries_tree_namewidth_padding_dim=\dimen275
\l__glossaries_tree_symbolwidth_padding_dim=\dimen276
\l__glossaries_tree_namesymbolwidth_dim=\dimen277
\l__glossaries_tree_namesymbolwidth_padding_dim=\dimen278
\l__glossaries_tree_level_int=\count358
\glstreeindent=\skip109
))
(D:\MIKTex\tex/latex/glossaries/styles\glossary-superragged.sty
Package: glossary-superragged 2026/04/21 v5.1 (NLCT)
)
(D:\MIKTex\tex/latex/setspace\setspace.sty
Package: setspace 2022/12/04 v6.7b set line spacing
)
(D:\MIKTex\tex/latex/parskip\parskip.sty
Package: parskip 2021-03-14 v2.0h non-zero parskip adjustments
)
(D:\MIKTex\tex/latex/koma-script\tocbasic.sty
Package: tocbasic 2026/02/02 v3.49.2 KOMA-Script package (handling toc-files)
\scr@dte@tocline@numberwidth=\skip110
\scr@dte@tocline@numbox=\box82
)
(D:\MIKTex\tex/latex/blindtext\blindtext.sty
Package: blindtext 2012/01/06 V2.0 blindtext-Package
\c@blindtext=\count359
\c@Blindtext=\count360
\c@blind@countparstart=\count361
\blind@countxx=\count362
\blindtext@numBlindtext=\count363
\blind@countyy=\count364
\c@blindlist=\count365
\c@blindlistlevel=\count366
\c@blindlist@level=\count367
\blind@listitem=\count368
\c@blind@listcount=\count369
\c@blind@levelcount=\count370
\blind@mathformula=\count371
\blind@Mathformula=\count372
\c@blind@randomcount=\count373
\c@blind@randommax=\count374
\c@blind@pangramcount=\count375
\c@blind@pangrammax=\count376
)
(D:\MIKTex\tex/latex/outlines\outlines.sty
Package: outlines 2012/1/23 1.1 Ch. Pecheur
)
(D:\MIKTex\tex/latex/biblatex\biblatex.sty
Package: biblatex 2025/07/10 v3.21 programmable bibliographies (PK/MW)

(D:\MIKTex\tex/generic/pdftexcmds\pdftexcmds.sty
Package: pdftexcmds 2020-06-27 v0.33 Utility functions of pdfTeX for LuaTeX (HO
)

(D:\MIKTex\tex/generic/infwarerr\infwarerr.sty
Package: infwarerr 2019/12/03 v1.5 Providing info/warning/error messages (HO)
)
Package pdftexcmds Info: \pdf@primitive is available.
Package pdftexcmds Info: \pdf@ifprimitive is available.
Package pdftexcmds Info: \pdfdraftmode found.
)
(D:\MIKTex\tex/latex/logreq\logreq.sty
Package: logreq 2010/08/04 v1.0 xml request logger
\lrq@indent=\count377
 (D:\MIKTex\tex/latex/logreq\logreq.def
File: logreq.def 2010/08/04 v1.0 logreq spec v1.0
))
\c@tabx@nest=\count378
\c@listtotal=\count379
\c@listcount=\count380
\c@liststart=\count381
\c@liststop=\count382
\c@citecount=\count383
\c@citetotal=\count384
\c@multicitecount=\count385
\c@multicitetotal=\count386
\c@instcount=\count387
\c@maxnames=\count388
\c@minnames=\count389
\c@maxitems=\count390
\c@minitems=\count391
\c@citecounter=\count392
\c@maxcitecounter=\count393
\c@savedcitecounter=\count394
\c@uniquelist=\count395
\c@uniquename=\count396
\c@refsection=\count397
\c@refsegment=\count398
\c@maxextratitle=\count399
\c@maxextratitleyear=\count400
\c@maxextraname=\count401
\c@maxextradate=\count402
\c@maxextraalpha=\count403
\c@abbrvpenalty=\count404
\c@highnamepenalty=\count405
\c@lownamepenalty=\count406
\c@maxparens=\count407
\c@parenlevel=\count408
\blx@tempcnta=\count409
\blx@tempcntb=\count410
\blx@tempcntc=\count411
\c@blx@maxsection=\count412
\blx@maxsegment@0=\count413
\blx@notetype=\count414
\blx@parenlevel@text=\count415
\blx@parenlevel@foot=\count416
\blx@sectionciteorder@0=\count417
\blx@sectionciteorderinternal@0=\count418
\blx@entrysetcounter=\count419
\blx@biblioinstance=\count420
\labelnumberwidth=\skip111
\labelalphawidth=\skip112
\biblabelsep=\skip113
\bibitemsep=\skip114
\bibnamesep=\skip115
\bibinitsep=\skip116
\bibparsep=\skip117
\bibhang=\skip118
\blx@bcfin=\read3
\blx@bcfout=\write4
\blx@langwohyphens=\language79
\c@mincomprange=\count421
\c@maxcomprange=\count422
\c@mincompwidth=\count423
Package biblatex Info: Trying to load biblatex default data model...
Package biblatex Info: ... file 'blx-dm.def' found.
(D:\MIKTex\tex/latex/biblatex\blx-dm.def
File: blx-dm.def 2025/07/10 v3.21 biblatex datamodel (PK/MW)
)
Package biblatex Info: Trying to load biblatex style data model...
Package biblatex Info: ... file 'ieee.dbx' not found.
Package biblatex Info: Trying to load biblatex custom data model...
Package biblatex Info: ... file 'biblatex-dm.cfg' not found.
\c@afterword=\count424
\c@savedafterword=\count425
\c@annotator=\count426
\c@savedannotator=\count427
\c@author=\count428
\c@savedauthor=\count429
\c@bookauthor=\count430
\c@savedbookauthor=\count431
\c@commentator=\count432
\c@savedcommentator=\count433
\c@editor=\count434
\c@savededitor=\count435
\c@editora=\count436
\c@savededitora=\count437
\c@editorb=\count438
\c@savededitorb=\count439
\c@editorc=\count440
\c@savededitorc=\count441
\c@foreword=\count442
\c@savedforeword=\count443
\c@holder=\count444
\c@savedholder=\count445
\c@introduction=\count446
\c@savedintroduction=\count447
\c@namea=\count448
\c@savednamea=\count449
\c@nameb=\count450
\c@savednameb=\count451
\c@namec=\count452
\c@savednamec=\count453
\c@translator=\count454
\c@savedtranslator=\count455
\c@shortauthor=\count456
\c@savedshortauthor=\count457
\c@shorteditor=\count458
\c@savedshorteditor=\count459
\c@labelname=\count460
\c@savedlabelname=\count461
\c@institution=\count462
\c@savedinstitution=\count463
\c@lista=\count464
\c@savedlista=\count465
\c@listb=\count466
\c@savedlistb=\count467
\c@listc=\count468
\c@savedlistc=\count469
\c@listd=\count470
\c@savedlistd=\count471
\c@liste=\count472
\c@savedliste=\count473
\c@listf=\count474
\c@savedlistf=\count475
\c@location=\count476
\c@savedlocation=\count477
\c@organization=\count478
\c@savedorganization=\count479
\c@origlocation=\count480
\c@savedoriglocation=\count481
\c@origpublisher=\count482
\c@savedorigpublisher=\count483
\c@publisher=\count484
\c@savedpublisher=\count485
\c@language=\count486
\c@savedlanguage=\count487
\c@origlanguage=\count488
\c@savedoriglanguage=\count489
\c@pageref=\count490
\c@savedpageref=\count491
\shorthandwidth=\skip119
\shortjournalwidth=\skip120
\shortserieswidth=\skip121
\shorttitlewidth=\skip122
\shortauthorwidth=\skip123
\shorteditorwidth=\skip124
\locallabelnumberwidth=\skip125
\locallabelalphawidth=\skip126
\localshorthandwidth=\skip127
\localshortjournalwidth=\skip128
\localshortserieswidth=\skip129
\localshorttitlewidth=\skip130
\localshortauthorwidth=\skip131
\localshorteditorwidth=\skip132
Package biblatex Info: Trying to load compatibility code...
Package biblatex Info: ... file 'blx-compat.def' found.

(D:\MIKTex\tex/latex/biblatex\blx-compat.def
File: blx-compat.def 2025/07/10 v3.21 biblatex compatibility (PK/MW)
)
Package biblatex Info: Trying to load BibTeX backend compatibility...
Package biblatex Info: ... file 'blx-bibtex.def' found.

(D:\MIKTex\tex/latex/biblatex\blx-bibtex.def
File: blx-bibtex.def 2025/07/10 v3.21 biblatex compatibility (PK/MW)


Package biblatex Warning: Using fall-back bibtex backend:
(biblatex)                functionality may be reduced/unavailable.

)
Package biblatex Info: Trying to load generic definitions...
Package biblatex Info: ... file 'biblatex.def' found.
 (D:\MIKTex\tex/latex/biblatex\biblatex.def
File: biblatex.def 2025/07/10 v3.21 biblatex compatibility (PK/MW)
\c@textcitecount=\count492
\c@textcitetotal=\count493
\c@textcitemaxnames=\count494
\c@biburlbigbreakpenalty=\count495
\c@biburlbreakpenalty=\count496
\c@biburlnumpenalty=\count497
\c@biburlucpenalty=\count498
\c@biburllcpenalty=\count499
\biburlbigskip=\muskip19
\biburlnumskip=\muskip20
\biburlucskip=\muskip21
\biburllcskip=\muskip22
\c@smartand=\count500
)
Package biblatex Info: Trying to load bibliography style 'ieee'...
Package biblatex Info: ... file 'ieee.bbx' found.

(D:\MIKTex\tex/latex/biblatex-ieee\ieee.bbx
File: ieee.bbx 2025-08-01 v1.4f biblatex bibliography style
Package biblatex Info: Trying to load bibliography style 'numeric-comp'...
Package biblatex Info: ... file 'numeric-comp.bbx' found.

(D:\MIKTex\tex/latex/biblatex/bbx\numeric-comp.bbx
File: numeric-comp.bbx 2025/07/10 v3.21 biblatex bibliography style (PK/MW)
Package biblatex Info: Trying to load bibliography style 'numeric'...
Package biblatex Info: ... file 'numeric.bbx' found.

(D:\MIKTex\tex/latex/biblatex/bbx\numeric.bbx
File: numeric.bbx 2025/07/10 v3.21 biblatex bibliography style (PK/MW)
Package biblatex Info: Trying to load bibliography style 'standard'...
Package biblatex Info: ... file 'standard.bbx' found.

(D:\MIKTex\tex/latex/biblatex/bbx\standard.bbx
File: standard.bbx 2025/07/10 v3.21 biblatex bibliography style (PK/MW)
\c@bbx:relatedcount=\count501
\c@bbx:relatedtotal=\count502
))))
Package biblatex Info: Trying to load citation style 'ieee'...
Package biblatex Info: ... file 'ieee.cbx' found.

(D:\MIKTex\tex/latex/biblatex-ieee\ieee.cbx
File: ieee.cbx 2025-08-01 v1.4f biblatex citation style
Package biblatex Info: Trying to load citation style 'numeric-verb'...
Package biblatex Info: ... file 'numeric-verb.cbx' found.

(D:\MIKTex\tex/latex/biblatex/cbx\numeric-verb.cbx
File: numeric-verb.cbx 2025/07/10 v3.21 biblatex citation style (PK/MW)
Package biblatex Info: Redefining '\cite'.
Package biblatex Info: Redefining '\parencite'.
Package biblatex Info: Redefining '\footcite'.
Package biblatex Info: Redefining '\footcitetext'.
Package biblatex Info: Redefining '\smartcite'.
Package biblatex Info: Redefining '\textcite'.
Package biblatex Info: Redefining '\supercite'.
Package biblatex Info: Redefining '\parencites'.
Package biblatex Info: Redefining '\smartcites'.
Package biblatex Info: Redefining '\textcites'.
))
Package biblatex Info: Trying to load configuration file...
Package biblatex Info: ... file 'biblatex.cfg' found.

(D:\MIKTex\tex/latex/biblatex\biblatex.cfg
File: biblatex.cfg 
)
Package biblatex Info: Input encoding 'utf8' detected.
Package biblatex Info: Document encoding is UTF8 ....

(D:\MIKTex\tex/latex/l3kernel\expl3.sty
Package: expl3 2025-12-24 L3 programming layer (loader) 

(D:\MIKTex\tex/latex/l3backend\l3backend-pdftex.def
File: l3backend-pdftex.def 2025-10-09 L3 backend support: PDF output (pdfTeX)
\l__color_backend_stack_int=\count503
))
Package biblatex Info: ... and expl3
(biblatex)             2025-12-24 L3 programming layer (loader) 
(biblatex)             is new enough (at least 2020/04/06),
(biblatex)             setting 'casechanger=expl3'.

(D:\MIKTex\tex/latex/biblatex\blx-case-expl3.sty
(D:\MIKTex\tex/latex/l3packages/xparse\xparse.sty
Package: xparse 2025-10-09 L3 Experimental document command parser
)
Package: blx-case-expl3 2025/07/10 v3.21 expl3 case changing code for biblatex
))

LaTeX Warning: \include should only be used after \begin{document} on input lin
e 62.

No file lstlisting.
(Tu_viet_tat.tex) (D:\MIKTex\tex/latex/hyperref\hyperref.sty
Package: hyperref 2025-07-12 v7.01o Hypertext links for LaTeX

(D:\MIKTex\tex/generic/kvdefinekeys\kvdefinekeys.sty
Package: kvdefinekeys 2019-12-19 v1.6 Define keys (HO)
)
(D:\MIKTex\tex/generic/pdfescape\pdfescape.sty
Package: pdfescape 2019/12/09 v1.15 Implements pdfTeX's escape features (HO)
)
(D:\MIKTex\tex/latex/hycolor\hycolor.sty
Package: hycolor 2020-01-27 v1.10 Color options for hyperref/bookmark (HO)
)
(D:\MIKTex\tex/latex/hyperref\nameref.sty
Package: nameref 2025-06-21 v2.57 Cross-referencing by name of section

(D:\MIKTex\tex/latex/refcount\refcount.sty
Package: refcount 2019/12/15 v3.6 Data extraction from label references (HO)
)
(D:\MIKTex\tex/generic/gettitlestring\gettitlestring.sty
Package: gettitlestring 2019/12/15 v1.6 Cleanup title references (HO)
)
\c@section@level=\count504
)
(D:\MIKTex\tex/generic/stringenc\stringenc.sty
Package: stringenc 2019/11/29 v1.12 Convert strings between diff. encodings (HO
)
)
\@linkdim=\dimen279
\Hy@linkcounter=\count505
\Hy@pagecounter=\count506

(D:\MIKTex\tex/latex/hyperref\pd1enc.def
File: pd1enc.def 2025-07-12 v7.01o Hyperref: PDFDocEncoding definition (HO)
Now handling font encoding PD1 ...
... no UTF-8 mapping file for font encoding PD1
)
(D:\MIKTex\tex/generic/intcalc\intcalc.sty
Package: intcalc 2019/12/15 v1.3 Expandable calculations with integers (HO)
)
\Hy@SavedSpaceFactor=\count507

(D:\MIKTex\tex/latex/hyperref\puenc.def
File: puenc.def 2025-07-12 v7.01o Hyperref: PDF Unicode definition (HO)
Now handling font encoding PU ...
... no UTF-8 mapping file for font encoding PU
)
Package hyperref Info: Hyper figures OFF on input line 4195.
Package hyperref Info: Link nesting OFF on input line 4200.
Package hyperref Info: Hyper index ON on input line 4203.
Package hyperref Info: Plain pages OFF on input line 4210.
Package hyperref Info: Backreferencing OFF on input line 4215.
Package hyperref Info: Implicit mode ON; LaTeX internals redefined.
Package hyperref Info: Bookmarks ON on input line 4462.
\c@Hy@tempcnt=\count508
LaTeX Info: Redefining \url on input line 4801.
\XeTeXLinkMargin=\dimen280

(D:\MIKTex\tex/generic/bitset\bitset.sty
Package: bitset 2019/12/09 v1.3 Handle bit-vector datatype (HO)

(D:\MIKTex\tex/generic/bigintcalc\bigintcalc.sty
Package: bigintcalc 2019/12/15 v1.5 Expandable calculations on big integers (HO
)
))
\Fld@menulength=\count509
\Field@Width=\dimen281
\Fld@charsize=\dimen282
Package hyperref Info: Hyper figures OFF on input line 6078.
Package hyperref Info: Link nesting OFF on input line 6083.
Package hyperref Info: Hyper index ON on input line 6086.
Package hyperref Info: backreferencing OFF on input line 6093.
Package hyperref Info: Link coloring OFF on input line 6098.
Package hyperref Info: Link coloring with OCG OFF on input line 6103.
Package hyperref Info: PDF/A mode OFF on input line 6108.
\Hy@abspage=\count510
\c@Item=\count511
\c@Hfootnote=\count512
)
Package hyperref Info: Driver (autodetected): hpdftex.

(D:\MIKTex\tex/latex/hyperref\hpdftex.def
File: hpdftex.def 2025-07-12 v7.01o Hyperref driver for pdfTeX
\Fld@listcount=\count513
\c@bookmark@seq@number=\count514

(D:\MIKTex\tex/latex/rerunfilecheck\rerunfilecheck.sty
Package: rerunfilecheck 2025-06-21 v1.11 Rerun checks for auxiliary files (HO)

(D:\MIKTex\tex/generic/uniquecounter\uniquecounter.sty
Package: uniquecounter 2019/12/15 v1.4 Provide unlimited unique counter (HO)
)
Package uniquecounter Info: New unique counter `rerunfilecheck' on input line 2
84.
)
\Hy@SectionHShift=\skip133
)
(D:\MIKTex\tex/latex/hypcap\hypcap.sty
Package: hypcap 2024-07-26 v1.13 Adjusting the anchors of captions (HO)

(D:\MIKTex\tex/latex/letltxmacro\letltxmacro.sty
Package: letltxmacro 2019/12/03 v1.6 Let assignment for LaTeX macros (HO)
))
\c@example=\count515
LaTeX Font Info:    Trying to load font information for T5+qtm on input line 15
7.

(D:\MIKTex\tex/latex/tex-gyre\t5qtm.fd
File: t5qtm.fd 2009/09/25 v1.2 font definition file for T5/qtm
)
\@quotelevel=\count516
\@quotereset=\count517


LaTeX Warning: Unused global option(s):
    [13pt,3p].

(DoAn.aux
\g__glossaries_gls_ref_acronym_int=\count518


LaTeX Warning: Label `section:1.4' multiply defined.


LaTeX Warning: Label `fig:Bia' multiply defined.

)
\openout1 = `DoAn.aux'.

LaTeX Font Info:    Checking defaults for OML/cmm/m/it on input line 166.
LaTeX Font Info:    ... okay on input line 166.
LaTeX Font Info:    Checking defaults for OMS/cmsy/m/n on input line 166.
LaTeX Font Info:    ... okay on input line 166.
LaTeX Font Info:    Checking defaults for OT1/cmr/m/n on input line 166.
LaTeX Font Info:    ... okay on input line 166.
LaTeX Font Info:    Checking defaults for T1/cmr/m/n on input line 166.
LaTeX Font Info:    ... okay on input line 166.
LaTeX Font Info:    Checking defaults for TS1/cmr/m/n on input line 166.
LaTeX Font Info:    ... okay on input line 166.
LaTeX Font Info:    Checking defaults for OMX/cmex/m/n on input line 166.
LaTeX Font Info:    ... okay on input line 166.
LaTeX Font Info:    Checking defaults for U/cmr/m/n on input line 166.
LaTeX Font Info:    ... okay on input line 166.
LaTeX Font Info:    Checking defaults for T5/cmr/m/n on input line 166.
LaTeX Font Info:    ... okay on input line 166.
LaTeX Font Info:    Checking defaults for PD1/pdf/m/n on input line 166.
LaTeX Font Info:    ... okay on input line 166.
LaTeX Font Info:    Checking defaults for PU/pdf/m/n on input line 166.
LaTeX Font Info:    ... okay on input line 166.

*geometry* driver: auto-detecting
*geometry* detected driver: pdftex
*geometry* verbose mode - [ preamble ] result:
* driver: pdftex
* paper: a4paper
* layout: <same size as paper>
* layoutoffset:(h,v)=(0.0pt,0.0pt)
* modes: twoside 
* h-part:(L,W,R)=(99.58464pt, 426.79135pt, 71.13188pt)
* v-part:(T,H,B)=(56.9055pt, 731.23584pt, 56.9055pt)
* \paperwidth=597.50787pt
* \paperheight=845.04684pt
* \textwidth=426.79135pt
* \textheight=731.23584pt
* \oddsidemargin=27.31465pt
* \evensidemargin=-1.1381pt
* \topmargin=-52.36449pt
* \headheight=10.0pt
* \headsep=25.0pt
* \topskip=10.0pt
* \footskip=30.0pt
* \marginparwidth=111.0pt
* \marginparsep=11.0pt
* \columnsep=10.0pt
* \skip\footins=11.69997pt plus 5.19942pt minus 2.60054pt
* \hoffset=0.0pt
* \voffset=0.0pt
* \mag=1000
* \@twocolumnfalse
* \@twosidetrue
* \@mparswitchtrue
* \@reversemarginfalse
* (1in=72.27pt=25.4mm, 1cm=28.453pt)

(D:\MIKTex\tex/context/base/mkii\supp-pdf.mkii
[Loading MPS to PDF converter (version 2006.09.02).]
\scratchcounter=\count519
\scratchdimen=\dimen283
\scratchbox=\box83
\nofMPsegments=\count520
\nofMParguments=\count521
\everyMPshowfont=\toks55
\MPscratchCnt=\count522
\MPscratchDim=\dimen284
\MPnumerator=\count523
\makeMPintoPDFobject=\count524
\everyMPtoPDFconversion=\toks56
) (D:\MIKTex\tex/latex/epstopdf-pkg\epstopdf-base.sty
Package: epstopdf-base 2020-01-24 v2.11 Base part for package epstopdf

(D:\MIKTex\tex/latex/grfext\grfext.sty
Package: grfext 2019/12/03 v1.3 Manage graphics extensions (HO)
)
Package epstopdf-base Info: Redefining graphics rule for `.eps' on input line 4
85.
Package grfext Info: Graphics extension search list:
(grfext)             [.pdf,.png,.jpg,.mps,.jpeg,.jbig2,.jb2,.PDF,.PNG,.JPG,.JPE
G,.JBIG2,.JB2,.eps]
(grfext)             \AppendGraphicsExtensions on input line 504.

(D:\MIKTex\tex/latex/00miktex\epstopdf-sys.cfg
File: epstopdf-sys.cfg 2021/03/18 v2.0 Configuration of epstopdf for MiKTeX
))
Package caption Info: Begin \AtBeginDocument code.
Package caption Info: float package is loaded.
Package caption Info: hyperref package is loaded.
Package caption Info: hypcap package is loaded.
Package caption Info: listings package is loaded.
Package caption Info: longtable package is loaded.

(D:\MIKTex\tex/latex/caption\ltcaption.sty
Package: ltcaption 2021/01/08 v1.4c longtable captions (AR)
)
Package caption Info: supertabular package is loaded.
Package caption Info: End \AtBeginDocument code.
\c@lstlisting=\count525
Package tocbasic Info: omitting babel extension for `lol'
(tocbasic)             because of missing \bbl@set@language on input line 166.
Package biblatex Info: Trying to load language 'english'...
Package biblatex Info: ... file 'english.lbx' found.

(D:\MIKTex\tex/latex/biblatex/lbx\english.lbx
File: english.lbx 2025/07/10 v3.21 biblatex localization (PK/MW)
)
Package biblatex Info: Input encoding 'utf8' detected.
Package biblatex Info: Automatic encoding selection.
(biblatex)             Assuming data encoding 'utf8'.
Package biblatex Info: Input encoding 'utf8' detected.
Package biblatex Info: Data encoding 'utf8' specified.
(biblatex)             No need to reencode data.
\openout4 = `DoAn-blx.bib'.

Package biblatex Info: Trying to load bibliographic data...
Package biblatex Info: ... file 'DoAn.bbl' found.
 (DoAn.bbl)
Package biblatex Info: Reference section=0 on input line 166.
Package biblatex Info: Reference segment=0 on input line 166.
Package hyperref Info: Link coloring OFF on input line 166.
 (DoAn.out) (DoAn.out)
\@outlinefile=\write5
\openout5 = `DoAn.out'.

(Bia.tex
LaTeX Font Info:    Calculating math sizes for size <13> on input line 42.


LaTeX Font Warning: Font shape `OT1/cmr/m/n' in size <6.5> not available
(Font)              size <6> substituted on input line 42.


LaTeX Font Warning: Font shape `OML/cmm/m/it' in size <13> not available
(Font)              size <12> substituted on input line 42.


LaTeX Font Warning: Font shape `OML/cmm/m/it' in size <6.5> not available
(Font)              size <6> substituted on input line 42.


LaTeX Font Warning: Font shape `OMS/cmsy/m/n' in size <13> not available
(Font)              size <12> substituted on input line 42.


LaTeX Font Warning: Font shape `OMS/cmsy/m/n' in size <6.5> not available
(Font)              size <6> substituted on input line 42.

LaTeX Font Info:    Trying to load font information for U+lasy on input line 42
.
(D:\MIKTex\tex/latex/base\ulasy.fd
File: ulasy.fd 1998/08/17 v2.2e LaTeX symbol font definitions
)

LaTeX Font Warning: Font shape `U/lasy/m/n' in size <13> not available
(Font)              size <12> substituted on input line 42.


LaTeX Font Warning: Font shape `U/lasy/m/n' in size <6.5> not available
(Font)              size <6> substituted on input line 42.

LaTeX Font Info:    Trying to load font information for U+msa on input line 42.

(D:\MIKTex\tex/latex/amsfonts\umsa.fd
File: umsa.fd 2013/01/14 v3.01 AMS symbols A
)
LaTeX Font Info:    Trying to load font information for U+msb on input line 42.

 (D:\MIKTex\tex/latex/amsfonts\umsb.fd
File: umsb.fd 2013/01/14 v3.01 AMS symbols B
)
Underfull \vbox (badness 10000) has occurred while \output is active []

 [1

{C:/Users/ADMIN/AppData/Local/MiKTeX/fonts/map/pdftex/pdftex.map}{D:/MIKTex/fon
ts/enc/dvips/tex-gyre/q-t5.enc}] [2]) (Bia_lot.tex
Underfull \vbox (badness 10000) has occurred while \output is active []


pdfTeX warning (ext4): destination with the same identifier (name{page.1}) has 
been already used, duplicate ignored
<to be read again> 
                   \relax 
l.40 \end{center}
                  [1]
pdfTeX warning (ext4): destination with the same identifier (name{page.2}) has 
been already used, duplicate ignored
<to be read again> 
                   \relax 
l.44 \end{titlepage}
                     [2]) (Chuong/0_2_Loi_cam_on.tex) [1]
(Chuong/0_3_Tom_tat_noi_dung.tex)
pdfTeX warning (ext4): destination with the same identifier (name{page.}) has b
een already used, duplicate ignored
<to be read again> 
                   \relax 
l.186 \newpage
               [1] (Chuong/0_4_Tom_tat_noi_dung_English.tex)
pdfTeX warning (ext4): destination with the same identifier (name{page.}) has b
een already used, duplicate ignored
<to be read again> 
                   \relax 
l.192 \newpage
               [1] (DoAn.toc
Underfull \vbox (badness 10000) has occurred while \output is active []

 [1

]
Underfull \vbox (badness 3590) has occurred while \output is active []

 [2]
Underfull \vbox (badness 10000) has occurred while \output is active []

 [3])
\tf@toc=\write6
\openout6 = `DoAn.toc'.


[4] (DoAn.lof)
\tf@lof=\write7
\openout7 = `DoAn.lof'.

 [5



] (DoAn.lot)
\tf@lot=\write8
\openout8 = `DoAn.lot'.



Package glossaries Warning: Empty glossary for \printnoidxglossary[type={main}]
. Rerun may be required (or you may have forgotten to use commands like \gls) o
n input line 248.


Package glossaries Info: Preparing to sort glossary `acronym' (total number of
(glossaries)             referenced entries: 5)

[6

] [7


]
Ch\uhorn \ohorn ng 1.
(Chuong/1_Gioi_thieu.tex
Underfull \vbox (badness 10000) has occurred while \output is active []


pdfTeX warning (ext4): destination with the same identifier (name{page.1}) has 
been already used, duplicate ignored
<to be read again> 
                   \relax 
l.16 
      [1

]
Underfull \hbox (badness 2913) in paragraph at lines 26--27
[]|\T5/qtm/b/n/13 Ghi chó/Nguçn Tr˝ch
 []


Overfull \hbox (23.37357pt too wide) in paragraph at lines 24--41
 [][] 
 []


Underfull \vbox (badness 10000) has occurred while \output is active []



Package fancyhdr Warning: \headheight is too small (10.0pt): 
(fancyhdr)                Make it at least 17.69952pt, for example:
(fancyhdr)                \setlength{\headheight}{17.69952pt}.
(fancyhdr)                You might also make \topmargin smaller:
(fancyhdr)                \addtolength{\topmargin}{-7.69952pt}.


pdfTeX warning (ext4): destination with the same identifier (name{page.2}) has 
been already used, duplicate ignored
<to be read again> 
                   \relax 
l.47 \end{enumerate}
                     [2]

Package fancyhdr Warning: \headheight is too small (10.0pt): 
(fancyhdr)                Make it at least 17.69952pt, for example:
(fancyhdr)                \setlength{\headheight}{17.69952pt}.
(fancyhdr)                You might also make \topmargin smaller:
(fancyhdr)                \addtolength{\topmargin}{-7.69952pt}.

[3]
LaTeX Font Info:    Trying to load font information for TS1+qtm on input line 5
4.
 (D:\MIKTex\tex/latex/tex-gyre\ts1qtm.fd
File: ts1qtm.fd 2009/09/25 v1.2 font definition file for TS1/qtm
)
Underfull \hbox (badness 10000) in paragraph at lines 67--67
[]|\T5/qtm/b/n/13 Khung Phˇp
 []


Underfull \hbox (badness 10000) in paragraph at lines 67--67
\T5/qtm/b/n/13 Lţ / Ti¶u
 []


Underfull \hbox (badness 10000) in paragraph at lines 69--69
[]|\T5/qtm/m/n/13 EU GSR -
 []


Underfull \hbox (badness 10000) in paragraph at lines 71--71
[]|\T5/qtm/m/n/13 EU GSR -
 []


Underfull \hbox (badness 10000) in paragraph at lines 73--73
[]|\T5/qtm/m/n/13 Euro NCAP
 []


Overfull \hbox (23.37355pt too wide) in paragraph at lines 65--76
 [][] 
 []


Underfull \vbox (badness 10000) has occurred while \output is active []



Package fancyhdr Warning: \headheight is too small (10.0pt): 
(fancyhdr)                Make it at least 17.69952pt, for example:
(fancyhdr)                \setlength{\headheight}{17.69952pt}.
(fancyhdr)                You might also make \topmargin smaller:
(fancyhdr)                \addtolength{\topmargin}{-7.69952pt}.

[4{D:/MIKTex/fonts/enc/dvips/tex-gyre/q-ts1.enc}]

Package fancyhdr Warning: \headheight is too small (10.0pt): 
(fancyhdr)                Make it at least 17.69952pt, for example:
(fancyhdr)                \setlength{\headheight}{17.69952pt}.
(fancyhdr)                You might also make \topmargin smaller:
(fancyhdr)                \addtolength{\topmargin}{-7.69952pt}.

[5]
Overfull \hbox (5.65477pt too wide) in paragraph at lines 94--96
\T5/qtm/m/n/13 Nghi¶n cůu ^^_°t trĺng tĄm v o vi»c ^^_ˇnh giˇ v  tinh chżnh ki¸
n tróc Mo-bileNetV3
 []


Underfull \vbox (badness 10000) has occurred while \output is active []



Package fancyhdr Warning: \headheight is too small (10.0pt): 
(fancyhdr)                Make it at least 17.69952pt, for example:
(fancyhdr)                \setlength{\headheight}{17.69952pt}.
(fancyhdr)                You might also make \topmargin smaller:
(fancyhdr)                \addtolength{\topmargin}{-7.69952pt}.

[6]
Underfull \vbox (badness 10000) has occurred while \output is active []



Package fancyhdr Warning: \headheight is too small (10.0pt): 
(fancyhdr)                Make it at least 17.69952pt, for example:
(fancyhdr)                \setlength{\headheight}{17.69952pt}.
(fancyhdr)                You might also make \topmargin smaller:
(fancyhdr)                \addtolength{\topmargin}{-7.69952pt}.

[7]
Underfull \vbox (badness 10000) has occurred while \output is active []



Package fancyhdr Warning: \headheight is too small (10.0pt): 
(fancyhdr)                Make it at least 17.69952pt, for example:
(fancyhdr)                \setlength{\headheight}{17.69952pt}.
(fancyhdr)                You might also make \topmargin smaller:
(fancyhdr)                \addtolength{\topmargin}{-7.69952pt}.

[8]
Underfull \vbox (badness 10000) has occurred while \output is active []



Package fancyhdr Warning: \headheight is too small (10.0pt): 
(fancyhdr)                Make it at least 17.69952pt, for example:
(fancyhdr)                \setlength{\headheight}{17.69952pt}.
(fancyhdr)                You might also make \topmargin smaller:
(fancyhdr)                \addtolength{\topmargin}{-7.69952pt}.

[9]
Underfull \vbox (badness 10000) has occurred while \output is active []



Package fancyhdr Warning: \headheight is too small (10.0pt): 
(fancyhdr)                Make it at least 17.69952pt, for example:
(fancyhdr)                \setlength{\headheight}{17.69952pt}.
(fancyhdr)                You might also make \topmargin smaller:
(fancyhdr)                \addtolength{\topmargin}{-7.69952pt}.

[10]
Underfull \vbox (badness 10000) has occurred while \output is active []



Package fancyhdr Warning: \headheight is too small (10.0pt): 
(fancyhdr)                Make it at least 17.69952pt, for example:
(fancyhdr)                \setlength{\headheight}{17.69952pt}.
(fancyhdr)                You might also make \topmargin smaller:
(fancyhdr)                \addtolength{\topmargin}{-7.69952pt}.

[11]
Underfull \vbox (badness 10000) has occurred while \output is active []



Package fancyhdr Warning: \headheight is too small (10.0pt): 
(fancyhdr)                Make it at least 17.69952pt, for example:
(fancyhdr)                \setlength{\headheight}{17.69952pt}.
(fancyhdr)                You might also make \topmargin smaller:
(fancyhdr)                \addtolength{\topmargin}{-7.69952pt}.

[12])

Package fancyhdr Warning: \headheight is too small (10.0pt): 
(fancyhdr)                Make it at least 17.69952pt, for example:
(fancyhdr)                \setlength{\headheight}{17.69952pt}.
(fancyhdr)                You might also make \topmargin smaller:
(fancyhdr)                \addtolength{\topmargin}{-7.69952pt}.

[13]
Ch\uhorn \ohorn ng 2.
(Chuong/2_Khao_sat.tex
Overfull \hbox (4.40561pt too wide) in paragraph at lines 12--13
[]\T5/qtm/b/n/13 Cˇc sŁn ph©m DMS th÷ěng m¤i l­p ngo i (e.g., See-ing Ma-chines
 Guardian,
 []


Underfull \vbox (badness 10000) has occurred while \output is active []

 [14

]
Underfull \hbox (badness 10000) in paragraph at lines 34--34
[]|\T5/qtm/b/n/13 ^^^°c tr÷ng mći
 []


Underfull \hbox (badness 1048) in paragraph at lines 37--37
[]|\T5/qtm/m/n/13 Kişm nghi»m mć hĽnh
 []


Underfull \hbox (badness 10000) in paragraph at lines 37--37
\T5/qtm/m/n/13 trong ^^_i·u ki»n Łnh
 []


Underfull \hbox (badness 10000) in paragraph at lines 38--38
[]|\T5/qtm/m/n/13 Tr˝ch xu§t v  kişm
 []


Underfull \hbox (badness 1303) in paragraph at lines 39--39
[]|\T5/qtm/m/n/13 Cabin giŁ lŞp, câ
 []


Underfull \hbox (badness 5519) in paragraph at lines 40--40
[]|\T5/qtm/m/n/13 T i x¸ trong xe,
 []


Underfull \hbox (badness 10000) in paragraph at lines 40--40
\T5/qtm/m/n/13 cŁm xóc tůc
 []


Overfull \hbox (123.98463pt too wide) in paragraph at lines 32--42
 [][] 
 []


Underfull \vbox (badness 10000) has occurred while \output is active []



Package fancyhdr Warning: \headheight is too small (10.0pt): 
(fancyhdr)                Make it at least 17.69952pt, for example:
(fancyhdr)                \setlength{\headheight}{17.69952pt}.
(fancyhdr)                You might also make \topmargin smaller:
(fancyhdr)                \addtolength{\topmargin}{-7.69952pt}.

[15]
LaTeX Font Info:    Trying to load font information for T5+cmtt on input line 6
5.
 (D:\MIKTex\tex/latex/vntex\t5cmtt.fd
File: t5cmtt.fd 1999/05/25 v2.5h Standard LaTeX font definitions
)
Underfull \vbox (badness 10000) has occurred while \output is active []



Package fancyhdr Warning: \headheight is too small (10.0pt): 
(fancyhdr)                Make it at least 17.69952pt, for example:
(fancyhdr)                \setlength{\headheight}{17.69952pt}.
(fancyhdr)                You might also make \topmargin smaller:
(fancyhdr)                \addtolength{\topmargin}{-7.69952pt}.

[16]
Underfull \vbox (badness 10000) has occurred while \output is active []



Package fancyhdr Warning: \headheight is too small (10.0pt): 
(fancyhdr)                Make it at least 17.69952pt, for example:
(fancyhdr)                \setlength{\headheight}{17.69952pt}.
(fancyhdr)                You might also make \topmargin smaller:
(fancyhdr)                \addtolength{\topmargin}{-7.69952pt}.

[17])

Package fancyhdr Warning: \headheight is too small (10.0pt): 
(fancyhdr)                Make it at least 17.69952pt, for example:
(fancyhdr)                \setlength{\headheight}{17.69952pt}.
(fancyhdr)                You might also make \topmargin smaller:
(fancyhdr)                \addtolength{\topmargin}{-7.69952pt}.

[18]
Ch\uhorn \ohorn ng 3.
(Chuong/3_Cong_nghe.tex
Underfull \vbox (badness 10000) has occurred while \output is active []

 [19

]
Underfull \vbox (badness 10000) has occurred while \output is active []



Package fancyhdr Warning: \headheight is too small (10.0pt): 
(fancyhdr)                Make it at least 17.69952pt, for example:
(fancyhdr)                \setlength{\headheight}{17.69952pt}.
(fancyhdr)                You might also make \topmargin smaller:
(fancyhdr)                \addtolength{\topmargin}{-7.69952pt}.

[20]
Underfull \vbox (badness 10000) has occurred while \output is active []



Package fancyhdr Warning: \headheight is too small (10.0pt): 
(fancyhdr)                Make it at least 17.69952pt, for example:
(fancyhdr)                \setlength{\headheight}{17.69952pt}.
(fancyhdr)                You might also make \topmargin smaller:
(fancyhdr)                \addtolength{\topmargin}{-7.69952pt}.

[21]
Underfull \vbox (badness 10000) has occurred while \output is active []



Package fancyhdr Warning: \headheight is too small (10.0pt): 
(fancyhdr)                Make it at least 17.69952pt, for example:
(fancyhdr)                \setlength{\headheight}{17.69952pt}.
(fancyhdr)                You might also make \topmargin smaller:
(fancyhdr)                \addtolength{\topmargin}{-7.69952pt}.

[22])

Package fancyhdr Warning: \headheight is too small (10.0pt): 
(fancyhdr)                Make it at least 17.69952pt, for example:
(fancyhdr)                \setlength{\headheight}{17.69952pt}.
(fancyhdr)                You might also make \topmargin smaller:
(fancyhdr)                \addtolength{\topmargin}{-7.69952pt}.

[23]
Ch\uhorn \ohorn ng 4.
(Chuong/4_Ket_qua_thuc_nghiem.tex
Overfull \hbox (8.20274pt too wide) in paragraph at lines 25--26
[]\T5/qtm/b/n/13 B÷îc 2: \T5/qtm/m/n/13 Luçng xű lţ ch˝nh ^^_ĺc khung hĽnh tř h
 ng ^^_ńi ^^_÷a qua Land-markEngine
 []


Overfull \hbox (0.32274pt too wide) in paragraph at lines 29--30
\T5/qtm/m/n/13 rics thćng qua cűa sę tr÷ńt 150 frames ^^_ş xˇc ^^_ŕnh chż sč $\
OML/cmm/m/it/12 F[]$ \T5/qtm/m/n/13 (PERCLOS-
 []

[24

]
Underfull \vbox (badness 10000) has occurred while \output is active []



Package fancyhdr Warning: \headheight is too small (10.0pt): 
(fancyhdr)                Make it at least 33.29948pt, for example:
(fancyhdr)                \setlength{\headheight}{33.29948pt}.
(fancyhdr)                You might also make \topmargin smaller:
(fancyhdr)                \addtolength{\topmargin}{-23.29948pt}.

[25]
Overfull \hbox (38.2115pt too wide) in paragraph at lines 64--65
[]\T5/qtm/m/n/13 Quˇ trĽnh gom nhâm ^^_÷ńc tü ^^_ëng hâa b¬ng tŞp l»nh Python \
T5/cmtt/m/n/13 data_preprocessing.py\T5/qtm/m/n/13 ,
 []


Underfull \vbox (badness 10000) has occurred while \output is active []



Package fancyhdr Warning: \headheight is too small (10.0pt): 
(fancyhdr)                Make it at least 33.29948pt, for example:
(fancyhdr)                \setlength{\headheight}{33.29948pt}.
(fancyhdr)                You might also make \topmargin smaller:
(fancyhdr)                \addtolength{\topmargin}{-23.29948pt}.

[26]
Overfull \hbox (8.31862pt too wide) in paragraph at lines 74--75
[]\T5/qtm/b/n/13 Chuyşn ^^_ęi Grayscale: \T5/qtm/m/n/13 Chuyşn ^^_ęi vňng Łnh c
­t tř h» m u RGB sang Grayscale
 []


Overfull \hbox (29.0561pt too wide) in paragraph at lines 75--76
\T5/qtm/m/n/13 trast Lim-ited Adap-tive His-togram Equal-iza-tion) vîi thćng sč
 giîi h¤n c­t \T5/cmtt/m/n/13 clipLimit
 []


Overfull \hbox (47.76472pt too wide) in paragraph at lines 82--84
\T5/qtm/m/n/13 ^^_ç ˇn ˇp döng chuéi bi¸n ^^_ęi ng¨u nhi¶n m¤nh mł trong Py-Tor
ch \T5/cmtt/m/n/13 transforms.Compose
 []


Underfull \vbox (badness 10000) has occurred while \output is active []



Package fancyhdr Warning: \headheight is too small (10.0pt): 
(fancyhdr)                Make it at least 33.29948pt, for example:
(fancyhdr)                \setlength{\headheight}{33.29948pt}.
(fancyhdr)                You might also make \topmargin smaller:
(fancyhdr)                \addtolength{\topmargin}{-23.29948pt}.

[27]
Overfull \hbox (2.47815pt too wide) in paragraph at lines 106--107
[]\T5/qtm/m/n/13 Lîp tuy¸n t˝nh (\T5/cmtt/m/n/13 nn.Linear(in_features, 256)\T5
/qtm/m/n/13 ) ^^_ş n˛n sč k¶nh tř 1280
 []


Underfull \vbox (badness 10000) has occurred while \output is active []



Package fancyhdr Warning: \headheight is too small (10.0pt): 
(fancyhdr)                Make it at least 33.29948pt, for example:
(fancyhdr)                \setlength{\headheight}{33.29948pt}.
(fancyhdr)                You might also make \topmargin smaller:
(fancyhdr)                \addtolength{\topmargin}{-23.29948pt}.

[28]
Overfull \hbox (34.97083pt too wide) in paragraph at lines 135--136
\T5/cmtt/m/n/13 face_lost_timeout = 2.0 \T5/qtm/m/n/13 giĄy, h» thčng lŞp tůc k
¸t luŞn tr¤ng thˇi l  \T5/cmtt/m/n/13 DISTRACTED
 []


Underfull \vbox (badness 10000) has occurred while \output is active []



Package fancyhdr Warning: \headheight is too small (10.0pt): 
(fancyhdr)                Make it at least 33.29948pt, for example:
(fancyhdr)                \setlength{\headheight}{33.29948pt}.
(fancyhdr)                You might also make \topmargin smaller:
(fancyhdr)                \addtolength{\topmargin}{-23.29948pt}.

[29]
Underfull \vbox (badness 10000) has occurred while \output is active []



Package fancyhdr Warning: \headheight is too small (10.0pt): 
(fancyhdr)                Make it at least 33.29948pt, for example:
(fancyhdr)                \setlength{\headheight}{33.29948pt}.
(fancyhdr)                You might also make \topmargin smaller:
(fancyhdr)                \addtolength{\topmargin}{-23.29948pt}.

[30]

LaTeX Font Warning: Font shape `T5/cmtt/b/n' undefined
(Font)              using `T5/cmtt/m/n' instead on input line 163.


Overfull \hbox (21.53664pt too wide) in paragraph at lines 163--164
\T5/qtm/m/n/13 ^^_işm cuči cňng xe gűi dú li»u v· mˇy chő (\T5/cmtt/m/n/13 last
_seen\T5/qtm/m/n/13 ). Khâa ch˝nh l  \T5/cmtt/m/n/13 vehicle_id
 []


Overfull \hbox (0.17645pt too wide) in paragraph at lines 163--164
\T5/qtm/m/n/13 (Bişn sč xe). Cˇc tr÷íng dú li»u gçm: \T5/cmtt/m/n/13 vehicle_id
 \T5/qtm/m/n/13 (TEXT, PK), \T5/cmtt/m/n/13 driver_name
 []


Overfull \hbox (43.53546pt too wide) in paragraph at lines 164--165
\T5/qtm/m/n/13 (TEXT), \T5/cmtt/b/n/13 f_score \T5/qtm/m/n/13 (REAL), \T5/cmtt/
b/n/13 anger_level \T5/qtm/m/n/13 (REAL), \T5/cmtt/b/n/13 fear_level \T5/qtm/m/
n/13 (REAL), \T5/cmtt/b/n/13 timestamp
 []

)

Package fancyhdr Warning: \headheight is too small (10.0pt): 
(fancyhdr)                Make it at least 33.29948pt, for example:
(fancyhdr)                \setlength{\headheight}{33.29948pt}.
(fancyhdr)                You might also make \topmargin smaller:
(fancyhdr)                \addtolength{\topmargin}{-23.29948pt}.

[31]
Ch\uhorn \ohorn ng 5.
(Chuong/5_Giai_phap_dong_gop.tex
Overfull \hbox (0.83247pt too wide) in paragraph at lines 19--20
[]\T5/qtm/b/n/13 Thi¸t lŞp ban ^^_¦u: \T5/qtm/m/n/13 N¤p tŞp dú li»u \T5/cmtt/b
/n/13 Unified_DMS_Dataset_v4 \T5/qtm/m/n/13 ^^_˘ ^^_÷ńc chu©n
 []


Underfull \vbox (badness 10000) has occurred while \output is active []

 [32

]
Overfull \hbox (46.88364pt too wide) in paragraph at lines 29--30
[]\T5/qtm/m/n/13 Sau epoch thů 5, giŁi phâng t§t cŁ cˇc lîp cőa back-bone (\T5/
cmtt/b/n/13 requires_grad_(True)\T5/qtm/m/n/13 ). 
 []


Overfull \hbox (30.43677pt too wide) in paragraph at lines 40--42
\T5/qtm/m/n/13 ch¤y b§t ^^_çng bë: \T5/cmtt/b/n/13 winsound.PlaySound("SystemHa
nd", winsound.SND_ALIAS
 []


Underfull \vbox (badness 10000) has occurred while \output is active []



Package fancyhdr Warning: \headheight is too small (10.0pt): 
(fancyhdr)                Make it at least 17.69952pt, for example:
(fancyhdr)                \setlength{\headheight}{17.69952pt}.
(fancyhdr)                You might also make \topmargin smaller:
(fancyhdr)                \addtolength{\topmargin}{-7.69952pt}.

[33]
Underfull \vbox (badness 10000) has occurred while \output is active []



Package fancyhdr Warning: \headheight is too small (10.0pt): 
(fancyhdr)                Make it at least 17.69952pt, for example:
(fancyhdr)                \setlength{\headheight}{17.69952pt}.
(fancyhdr)                You might also make \topmargin smaller:
(fancyhdr)                \addtolength{\topmargin}{-7.69952pt}.

[34]
Underfull \vbox (badness 10000) has occurred while \output is active []



Package fancyhdr Warning: \headheight is too small (10.0pt): 
(fancyhdr)                Make it at least 17.69952pt, for example:
(fancyhdr)                \setlength{\headheight}{17.69952pt}.
(fancyhdr)                You might also make \topmargin smaller:
(fancyhdr)                \addtolength{\topmargin}{-7.69952pt}.

[35]
Overfull \hbox (66.78574pt too wide) detected at line 85
[] \OT1/cmr/m/n/12 = [] []
 []


Overfull \hbox (32.32957pt too wide) in paragraph at lines 111--122
 [][] 
 []


Underfull \vbox (badness 10000) has occurred while \output is active []



Package fancyhdr Warning: \headheight is too small (10.0pt): 
(fancyhdr)                Make it at least 17.69952pt, for example:
(fancyhdr)                \setlength{\headheight}{17.69952pt}.
(fancyhdr)                You might also make \topmargin smaller:
(fancyhdr)                \addtolength{\topmargin}{-7.69952pt}.

[36]
Overfull \hbox (5.78539pt too wide) in paragraph at lines 136--137
[]\T5/qtm/m/n/13 Ma trŞn nh¦m l¨n (Con-fu-sion Ma-trix) l÷u trong t»p \T5/cmtt/
b/n/13 confusion_matrices.png
 []


Underfull \vbox (badness 2469) has occurred while \output is active []



Package fancyhdr Warning: \headheight is too small (10.0pt): 
(fancyhdr)                Make it at least 17.69952pt, for example:
(fancyhdr)                \setlength{\headheight}{17.69952pt}.
(fancyhdr)                You might also make \topmargin smaller:
(fancyhdr)                \addtolength{\topmargin}{-7.69952pt}.

[37])

Package fancyhdr Warning: \headheight is too small (10.0pt): 
(fancyhdr)                Make it at least 17.69952pt, for example:
(fancyhdr)                \setlength{\headheight}{17.69952pt}.
(fancyhdr)                You might also make \topmargin smaller:
(fancyhdr)                \addtolength{\topmargin}{-7.69952pt}.

[38]
Ch\uhorn \ohorn ng 6.
(Chuong/6_Ket_luan.tex
Underfull \vbox (badness 10000) has occurred while \output is active []

 [39

])

Package fancyhdr Warning: \headheight is too small (10.0pt): 
(fancyhdr)                Make it at least 17.69952pt, for example:
(fancyhdr)                \setlength{\headheight}{17.69952pt}.
(fancyhdr)                You might also make \topmargin smaller:
(fancyhdr)                \addtolength{\topmargin}{-7.69952pt}.

[40] (Chuong/7_Luu_y_tai_lieu_tham_khao.tex
Underfull \vbox (badness 10000) has occurred while \output is active []

 [41

])

Package fancyhdr Warning: \headheight is too small (10.0pt): 
(fancyhdr)                Make it at least 17.69952pt, for example:
(fancyhdr)                \setlength{\headheight}{17.69952pt}.
(fancyhdr)                You might also make \topmargin smaller:
(fancyhdr)                \addtolength{\topmargin}{-7.69952pt}.

[42] [43

] [44

]
Ph\d {u} l\d {u}c A.
(Chuong/Phu_luc_A.tex
Underfull \vbox (badness 10000) has occurred while \output is active []

 [45

]
Underfull \vbox (badness 10000) has occurred while \output is active []



Package fancyhdr Warning: \headheight is too small (10.0pt): 
(fancyhdr)                Make it at least 17.69952pt, for example:
(fancyhdr)                \setlength{\headheight}{17.69952pt}.
(fancyhdr)                You might also make \topmargin smaller:
(fancyhdr)                \addtolength{\topmargin}{-7.69952pt}.

[46]
<Hinhve/IoT.png, id=937, 931.48pt x 523.9575pt>
File: Hinhve/IoT.png Graphic file (type png)
<use Hinhve/IoT.png>
Package pdftex.def Info: Hinhve/IoT.png  used on input line 80.
(pdftex.def)             Requested size: 320.0935pt x 180.05399pt.


Package fancyhdr Warning: \headheight is too small (10.0pt): 
(fancyhdr)                Make it at least 17.69952pt, for example:
(fancyhdr)                \setlength{\headheight}{17.69952pt}.
(fancyhdr)                You might also make \topmargin smaller:
(fancyhdr)                \addtolength{\topmargin}{-7.69952pt}.

[47 <./Hinhve/IoT.png>]

LaTeX Warning: Citation 'scott2013sdn' on page 48 undefined on input line 92.


LaTeX Warning: Citation 'ashton2009internet' on page 48 undefined on input line
 92.


Overfull \hbox (4.01166pt too wide) in paragraph at lines 92--93
[]\T5/qtm/m/n/13 . Cö thş, sinh vi¶n sű döng l»nh [][]\T5/cmtt/b/n/13 \cite{} [
]\T5/qtm/m/n/13 nh÷ sau [].
 []

<Hinhve/Bia.PNG, id=953, 313.77225pt x 331.83975pt>
File: Hinhve/Bia.PNG Graphic file (type png)
<use Hinhve/Bia.PNG>
Package pdftex.def Info: Hinhve/Bia.PNG  used on input line 111.
(pdftex.def)             Requested size: 213.39568pt x 225.68349pt.
<Hinhve/GayBia.PNG, id=954, 420.97275pt x 479.99326pt>
File: Hinhve/GayBia.PNG Graphic file (type png)
<use Hinhve/GayBia.PNG>
Package pdftex.def Info: Hinhve/GayBia.PNG  used on input line 123.
(pdftex.def)             Requested size: 213.39568pt x 243.31384pt.
)

Package fancyhdr Warning: \headheight is too small (10.0pt): 
(fancyhdr)                Make it at least 17.69952pt, for example:
(fancyhdr)                \setlength{\headheight}{17.69952pt}.
(fancyhdr)                You might also make \topmargin smaller:
(fancyhdr)                \addtolength{\topmargin}{-7.69952pt}.

[48]

Package fancyhdr Warning: \headheight is too small (10.0pt): 
(fancyhdr)                Make it at least 17.69952pt, for example:
(fancyhdr)                \setlength{\headheight}{17.69952pt}.
(fancyhdr)                You might also make \topmargin smaller:
(fancyhdr)                \addtolength{\topmargin}{-7.69952pt}.

[49 <./Hinhve/Bia.PNG> <./Hinhve/GayBia.PNG>]
Ph\d {u} l\d {u}c B.
(Chuong/Phu_luc_B.tex) [50

] (DoAn.aux)
 ***********
LaTeX2e <2025-11-01>
L3 programming layer <2025-12-24>
 ***********


LaTeX Font Warning: Size substitutions with differences
(Font)              up to 1.0pt have occurred.


LaTeX Font Warning: Some font shapes were not available, defaults substituted.


LaTeX Warning: There were undefined references.


LaTeX Warning: There were multiply-defined labels.


Package rerunfilecheck Warning: File `DoAn.out' has changed.
(rerunfilecheck)                Rerun to get outlines right
(rerunfilecheck)                or use package `bookmark'.

Package rerunfilecheck Info: Checksums for `DoAn.out':
(rerunfilecheck)             Before: DE2F6BAF28A6CC8E9114D2FF9415E124;30357
(rerunfilecheck)             After:  5A2590118F42D06C5F62DE111EA4720C;30357.

Package biblatex Warning: Please (re)run BibTeX on the file(s):
(biblatex)                DoAn
(biblatex)                and rerun LaTeX afterwards.

Package logreq Info: Writing requests to 'DoAn.run.xml'.
\openout1 = `DoAn.run.xml'.

 ) 
Here is how much of TeX's memory you used:
 33700 strings out of 467871
 623247 string characters out of 5435212
 1529534 words of memory out of 5000000
 61818 multiletter control sequences out of 15000+600000
 664725 words of font info for 79 fonts, out of 8000000 for 9000
 1141 hyphenation exceptions out of 8191
 108i,12n,107p,2507b,1278s stack positions out of 10000i,1000n,20000p,200000b,200000s

pdfTeX warning (dest): name{table.caption.15} has been referenced but does not 
exist, replaced by a fixed one


pdfTeX warning (dest): name{figure.caption.20} has been referenced but does not
 exist, replaced by a fixed one


pdfTeX warning (dest): name{figure.caption.19} has been referenced but does not
 exist, replaced by a fixed one


pdfTeX warning (dest): name{figure.caption.16} has been referenced but does not
 exist, replaced by a fixed one


pdfTeX warning (dest): name{figure.caption.9} has been referenced but does not 
exist, replaced by a fixed one


pdfTeX warning (dest): name{section*.14} has been referenced but does not exist
, replaced by a fixed one


pdfTeX warning (dest): name{section*.13} has been referenced but does not exist
, replaced by a fixed one

<D:/MIKTex/fonts/type1/public/amsfonts/cm/cmex10.pfb><D:/MIKTex/fonts/type1/pub
lic/amsfonts/cm/cmmi12.pfb><D:/MIKTex/fonts/type1/public/amsfonts/cm/cmmi6.pfb>
<D:/MIKTex/fonts/type1/public/amsfonts/cm/cmmi9.pfb><D:/MIKTex/fonts/type1/publ
ic/amsfonts/cm/cmr12.pfb><D:/MIKTex/fonts/type1/public/amsfonts/cm/cmr9.pfb><D:
/MIKTex/fonts/type1/public/amsfonts/cm/cmsy10.pfb><D:/MIKTex/fonts/type1/public
/amsfonts/cm/cmsy9.pfb><D:/MIKTex/fonts/type1/public/amsfonts/symbols/msbm10.pf
b><D:/MIKTex/fonts/type1/public/tex-gyre/qtmb.pfb><D:/MIKTex/fonts/type1/public
/tex-gyre/qtmr.pfb><D:/MIKTex/fonts/type1/public/tex-gyre/qtmri.pfb><D:/MIKTex/
fonts/type1/vntex/vnr/vntt12.pfb>
Output written on DoAn.pdf (64 pages, 1084001 bytes).
PDF statistics:
 1087 PDF objects out of 1200 (max. 8388607)
 250 named destinations out of 1000 (max. 500000)
 736 words of extra memory for PDF output out of 10000 (max. 10000000)

